{yyyy-MM-dd 'at' HH:mm:ss z} DEBUG org.springframework.context.support.AbstractApplicationContext 654 prepareRefresh - Refreshing org.springframework.context.support.ClassPathXmlApplicationContext@16b2bb0c
{yyyy-MM-dd 'at' HH:mm:ss z} DEBUG org.springframework.beans.factory.xml.XmlBeanDefinitionReader 393 doLoadBeanDefinitions - Loaded 1 bean definitions from class path resource [beans.xml]
{yyyy-MM-dd 'at' HH:mm:ss z} DEBUG org.springframework.beans.factory.support.DefaultSingletonBeanRegistry 225 getSingleton - Creating shared instance of singleton bean 'user'
{yyyy-MM-dd 'at' HH:mm:ss z} DEBUG org.springframework.context.support.AbstractApplicationContext 654 prepareRefresh - Refreshing org.springframework.context.support.ClassPathXmlApplicationContext@16b2bb0c
{yyyy-MM-dd 'at' HH:mm:ss z} DEBUG org.springframework.beans.factory.xml.XmlBeanDefinitionReader 393 doLoadBeanDefinitions - Loaded 2 bean definitions from class path resource [beans.xml]
{yyyy-MM-dd 'at' HH:mm:ss z} DEBUG org.springframework.beans.factory.support.DefaultSingletonBeanRegistry 225 getSingleton - Creating shared instance of singleton bean 'user'
{yyyy-MM-dd 'at' HH:mm:ss z} DEBUG org.springframework.beans.factory.support.DefaultSingletonBeanRegistry 225 getSingleton - Creating shared instance of singleton bean 'userDao'
{yyyy-MM-dd 'at' HH:mm:ss z} DEBUG org.springframework.context.support.AbstractApplicationContext 654 prepareRefresh - Refreshing org.springframework.context.support.ClassPathXmlApplicationContext@16b2bb0c
{yyyy-MM-dd 'at' HH:mm:ss z} DEBUG org.springframework.beans.factory.xml.XmlBeanDefinitionReader 393 doLoadBeanDefinitions - Loaded 3 bean definitions from class path resource [beans.xml]
{yyyy-MM-dd 'at' HH:mm:ss z} DEBUG org.springframework.beans.factory.support.DefaultSingletonBeanRegistry 225 getSingleton - Creating shared instance of singleton bean 'user1'
{yyyy-MM-dd 'at' HH:mm:ss z} DEBUG org.springframework.beans.factory.support.DefaultSingletonBeanRegistry 225 getSingleton - Creating shared instance of singleton bean 'user2'
{yyyy-MM-dd 'at' HH:mm:ss z} DEBUG org.springframework.beans.factory.support.DefaultSingletonBeanRegistry 225 getSingleton - Creating shared instance of singleton bean 'userDao'
{yyyy-MM-dd 'at' HH:mm:ss z} DEBUG org.springframework.context.support.AbstractApplicationContext 654 prepareRefresh - Refreshing org.springframework.context.support.ClassPathXmlApplicationContext@16b2bb0c
{yyyy-MM-dd 'at' HH:mm:ss z} DEBUG org.springframework.beans.factory.xml.XmlBeanDefinitionReader 393 doLoadBeanDefinitions - Loaded 3 bean definitions from class path resource [beans.xml]
{yyyy-MM-dd 'at' HH:mm:ss z} DEBUG org.springframework.beans.factory.support.DefaultSingletonBeanRegistry 225 getSingleton - Creating shared instance of singleton bean 'user1'
{yyyy-MM-dd 'at' HH:mm:ss z} DEBUG org.springframework.beans.factory.support.DefaultSingletonBeanRegistry 225 getSingleton - Creating shared instance of singleton bean 'user2'
{yyyy-MM-dd 'at' HH:mm:ss z} DEBUG org.springframework.beans.factory.support.DefaultSingletonBeanRegistry 225 getSingleton - Creating shared instance of singleton bean 'userDao'
{yyyy-MM-dd 'at' HH:mm:ss z} DEBUG org.springframework.context.support.AbstractApplicationContext 654 prepareRefresh - Refreshing org.springframework.context.support.ClassPathXmlApplicationContext@16b2bb0c
{yyyy-MM-dd 'at' HH:mm:ss z} DEBUG org.springframework.beans.factory.xml.XmlBeanDefinitionReader 393 doLoadBeanDefinitions - Loaded 4 bean definitions from class path resource [beans.xml]
{yyyy-MM-dd 'at' HH:mm:ss z} DEBUG org.springframework.beans.factory.support.DefaultSingletonBeanRegistry 225 getSingleton - Creating shared instance of singleton bean 'user1'
{yyyy-MM-dd 'at' HH:mm:ss z} DEBUG org.springframework.beans.factory.support.DefaultSingletonBeanRegistry 225 getSingleton - Creating shared instance of singleton bean 'user2'
{yyyy-MM-dd 'at' HH:mm:ss z} DEBUG org.springframework.beans.factory.support.DefaultSingletonBeanRegistry 225 getSingleton - Creating shared instance of singleton bean 'user3'
{yyyy-MM-dd 'at' HH:mm:ss z} DEBUG org.springframework.beans.factory.support.DefaultSingletonBeanRegistry 225 getSingleton - Creating shared instance of singleton bean 'userDao'
