{yyyy-MM-dd 'at' HH:mm:ss z} DEBUG org.springframework.context.support.AbstractApplicationContext 654 prepareRefresh - Refreshing org.springframework.context.support.ClassPathXmlApplicationContext@27e47833
{yyyy-MM-dd 'at' HH:mm:ss z} DEBUG org.springframework.context.annotation.ClassPathScanningCandidateComponentProvider 441 scanCandidateComponents - Identified candidate component class: file [/Users/zhang/Documents/Project/Java/SpringStudy/spring-annotation/target/classes/cloud/zhfsmyScan/controller/UserController.class]
{yyyy-MM-dd 'at' HH:mm:ss z} DEBUG org.springframework.context.annotation.ClassPathScanningCandidateComponentProvider 441 scanCandidateComponents - Identified candidate component class: file [/Users/zhang/Documents/Project/Java/SpringStudy/spring-annotation/target/classes/cloud/zhfsmyScan/dao/UserDAOImpl.class]
{yyyy-MM-dd 'at' HH:mm:ss z} DEBUG org.springframework.context.annotation.ClassPathScanningCandidateComponentProvider 441 scanCandidateComponents - Identified candidate component class: file [/Users/zhang/Documents/Project/Java/SpringStudy/spring-annotation/target/classes/cloud/zhfsmyScan/service/UserServiceImpl.class]
{yyyy-MM-dd 'at' HH:mm:ss z} DEBUG org.springframework.beans.factory.xml.XmlBeanDefinitionReader 393 doLoadBeanDefinitions - Loaded 8 bean definitions from class path resource [beans.xml]
{yyyy-MM-dd 'at' HH:mm:ss z} DEBUG org.springframework.beans.factory.support.DefaultSingletonBeanRegistry 225 getSingleton - Creating shared instance of singleton bean 'org.springframework.context.annotation.internalConfigurationAnnotationProcessor'
{yyyy-MM-dd 'at' HH:mm:ss z} DEBUG org.springframework.beans.factory.support.DefaultSingletonBeanRegistry 225 getSingleton - Creating shared instance of singleton bean 'org.springframework.context.event.internalEventListenerProcessor'
{yyyy-MM-dd 'at' HH:mm:ss z} DEBUG org.springframework.beans.factory.support.DefaultSingletonBeanRegistry 225 getSingleton - Creating shared instance of singleton bean 'org.springframework.context.event.internalEventListenerFactory'
{yyyy-MM-dd 'at' HH:mm:ss z} DEBUG org.springframework.beans.factory.support.DefaultSingletonBeanRegistry 225 getSingleton - Creating shared instance of singleton bean 'org.springframework.context.annotation.internalAutowiredAnnotationProcessor'
{yyyy-MM-dd 'at' HH:mm:ss z} DEBUG org.springframework.beans.factory.support.DefaultSingletonBeanRegistry 225 getSingleton - Creating shared instance of singleton bean 'org.springframework.context.annotation.internalJsr250AnnotationProcessor'
{yyyy-MM-dd 'at' HH:mm:ss z} DEBUG org.springframework.beans.factory.support.DefaultSingletonBeanRegistry 225 getSingleton - Creating shared instance of singleton bean 'userController'
{yyyy-MM-dd 'at' HH:mm:ss z} DEBUG org.springframework.beans.factory.support.DefaultSingletonBeanRegistry 225 getSingleton - Creating shared instance of singleton bean 'userDAO'
{yyyy-MM-dd 'at' HH:mm:ss z} DEBUG org.springframework.beans.factory.support.DefaultSingletonBeanRegistry 225 getSingleton - Creating shared instance of singleton bean 'userService'
{yyyy-MM-dd 'at' HH:mm:ss z} DEBUG org.springframework.context.support.AbstractApplicationContext 654 prepareRefresh - Refreshing org.springframework.context.support.ClassPathXmlApplicationContext@27e47833
{yyyy-MM-dd 'at' HH:mm:ss z} DEBUG org.springframework.context.annotation.ClassPathScanningCandidateComponentProvider 441 scanCandidateComponents - Identified candidate component class: file [/Users/zhang/Documents/Project/Java/SpringStudy/spring-annotation/target/classes/cloud/zhfsmyScan/controller/UserController.class]
{yyyy-MM-dd 'at' HH:mm:ss z} DEBUG org.springframework.context.annotation.ClassPathScanningCandidateComponentProvider 441 scanCandidateComponents - Identified candidate component class: file [/Users/zhang/Documents/Project/Java/SpringStudy/spring-annotation/target/classes/cloud/zhfsmyScan/dao/UserDAOImpl.class]
{yyyy-MM-dd 'at' HH:mm:ss z} DEBUG org.springframework.context.annotation.ClassPathScanningCandidateComponentProvider 441 scanCandidateComponents - Identified candidate component class: file [/Users/zhang/Documents/Project/Java/SpringStudy/spring-annotation/target/classes/cloud/zhfsmyScan/service/UserServiceImpl.class]
{yyyy-MM-dd 'at' HH:mm:ss z} DEBUG org.springframework.beans.factory.xml.XmlBeanDefinitionReader 393 doLoadBeanDefinitions - Loaded 8 bean definitions from class path resource [beans.xml]
{yyyy-MM-dd 'at' HH:mm:ss z} DEBUG org.springframework.beans.factory.support.DefaultSingletonBeanRegistry 225 getSingleton - Creating shared instance of singleton bean 'org.springframework.context.annotation.internalConfigurationAnnotationProcessor'
{yyyy-MM-dd 'at' HH:mm:ss z} DEBUG org.springframework.beans.factory.support.DefaultSingletonBeanRegistry 225 getSingleton - Creating shared instance of singleton bean 'org.springframework.context.event.internalEventListenerProcessor'
{yyyy-MM-dd 'at' HH:mm:ss z} DEBUG org.springframework.beans.factory.support.DefaultSingletonBeanRegistry 225 getSingleton - Creating shared instance of singleton bean 'org.springframework.context.event.internalEventListenerFactory'
{yyyy-MM-dd 'at' HH:mm:ss z} DEBUG org.springframework.beans.factory.support.DefaultSingletonBeanRegistry 225 getSingleton - Creating shared instance of singleton bean 'org.springframework.context.annotation.internalAutowiredAnnotationProcessor'
{yyyy-MM-dd 'at' HH:mm:ss z} DEBUG org.springframework.beans.factory.support.DefaultSingletonBeanRegistry 225 getSingleton - Creating shared instance of singleton bean 'org.springframework.context.annotation.internalJsr250AnnotationProcessor'
{yyyy-MM-dd 'at' HH:mm:ss z} DEBUG org.springframework.beans.factory.support.DefaultSingletonBeanRegistry 225 getSingleton - Creating shared instance of singleton bean 'userController'
{yyyy-MM-dd 'at' HH:mm:ss z} DEBUG org.springframework.beans.factory.support.DefaultSingletonBeanRegistry 225 getSingleton - Creating shared instance of singleton bean 'userDAO'
{yyyy-MM-dd 'at' HH:mm:ss z} DEBUG org.springframework.beans.factory.support.DefaultSingletonBeanRegistry 225 getSingleton - Creating shared instance of singleton bean 'userService'
{yyyy-MM-dd 'at' HH:mm:ss z} DEBUG org.springframework.context.support.AbstractApplicationContext 654 prepareRefresh - Refreshing org.springframework.context.support.ClassPathXmlApplicationContext@42a15bdc
{yyyy-MM-dd 'at' HH:mm:ss z} DEBUG org.springframework.context.annotation.ClassPathScanningCandidateComponentProvider 441 scanCandidateComponents - Identified candidate component class: file [/Users/zhang/Documents/Project/Java/SpringStudy/spring-annotation/target/classes/cloud/zhfsmyScan/controller/UserController.class]
{yyyy-MM-dd 'at' HH:mm:ss z} DEBUG org.springframework.context.annotation.ClassPathScanningCandidateComponentProvider 441 scanCandidateComponents - Identified candidate component class: file [/Users/zhang/Documents/Project/Java/SpringStudy/spring-annotation/target/classes/cloud/zhfsmyScan/dao/UserDAOImpl.class]
{yyyy-MM-dd 'at' HH:mm:ss z} DEBUG org.springframework.context.annotation.ClassPathScanningCandidateComponentProvider 441 scanCandidateComponents - Identified candidate component class: file [/Users/zhang/Documents/Project/Java/SpringStudy/spring-annotation/target/classes/cloud/zhfsmyScan/service/UserServiceImpl.class]
{yyyy-MM-dd 'at' HH:mm:ss z} DEBUG org.springframework.beans.factory.xml.XmlBeanDefinitionReader 393 doLoadBeanDefinitions - Loaded 8 bean definitions from class path resource [beans.xml]
{yyyy-MM-dd 'at' HH:mm:ss z} DEBUG org.springframework.beans.factory.support.DefaultSingletonBeanRegistry 225 getSingleton - Creating shared instance of singleton bean 'org.springframework.context.annotation.internalConfigurationAnnotationProcessor'
{yyyy-MM-dd 'at' HH:mm:ss z} DEBUG org.springframework.beans.factory.support.DefaultSingletonBeanRegistry 225 getSingleton - Creating shared instance of singleton bean 'org.springframework.context.event.internalEventListenerProcessor'
{yyyy-MM-dd 'at' HH:mm:ss z} DEBUG org.springframework.beans.factory.support.DefaultSingletonBeanRegistry 225 getSingleton - Creating shared instance of singleton bean 'org.springframework.context.event.internalEventListenerFactory'
{yyyy-MM-dd 'at' HH:mm:ss z} DEBUG org.springframework.beans.factory.support.DefaultSingletonBeanRegistry 225 getSingleton - Creating shared instance of singleton bean 'org.springframework.context.annotation.internalAutowiredAnnotationProcessor'
{yyyy-MM-dd 'at' HH:mm:ss z} DEBUG org.springframework.beans.factory.support.DefaultSingletonBeanRegistry 225 getSingleton - Creating shared instance of singleton bean 'org.springframework.context.annotation.internalJsr250AnnotationProcessor'
{yyyy-MM-dd 'at' HH:mm:ss z} DEBUG org.springframework.beans.factory.support.DefaultSingletonBeanRegistry 225 getSingleton - Creating shared instance of singleton bean 'userController'
{yyyy-MM-dd 'at' HH:mm:ss z} DEBUG org.springframework.beans.factory.support.DefaultSingletonBeanRegistry 225 getSingleton - Creating shared instance of singleton bean 'userDAO'
{yyyy-MM-dd 'at' HH:mm:ss z} DEBUG org.springframework.beans.factory.support.DefaultSingletonBeanRegistry 225 getSingleton - Creating shared instance of singleton bean 'userService'
{yyyy-MM-dd 'at' HH:mm:ss z} DEBUG org.springframework.context.support.AbstractApplicationContext 654 prepareRefresh - Refreshing org.springframework.context.annotation.AnnotationConfigApplicationContext@f14a7d4
{yyyy-MM-dd 'at' HH:mm:ss z} DEBUG org.springframework.beans.factory.support.DefaultSingletonBeanRegistry 225 getSingleton - Creating shared instance of singleton bean 'org.springframework.context.annotation.internalConfigurationAnnotationProcessor'
{yyyy-MM-dd 'at' HH:mm:ss z} DEBUG org.springframework.context.annotation.ClassPathScanningCandidateComponentProvider 441 scanCandidateComponents - Identified candidate component class: file [/Users/zhang/Documents/Project/Java/SpringStudy/spring-annotation/target/classes/cloud/zhfsmyScan/controller/UserController.class]
{yyyy-MM-dd 'at' HH:mm:ss z} DEBUG org.springframework.context.annotation.ClassPathScanningCandidateComponentProvider 441 scanCandidateComponents - Identified candidate component class: file [/Users/zhang/Documents/Project/Java/SpringStudy/spring-annotation/target/classes/cloud/zhfsmyScan/dao/UserDAOImpl.class]
{yyyy-MM-dd 'at' HH:mm:ss z} DEBUG org.springframework.context.annotation.ClassPathScanningCandidateComponentProvider 441 scanCandidateComponents - Identified candidate component class: file [/Users/zhang/Documents/Project/Java/SpringStudy/spring-annotation/target/classes/cloud/zhfsmyScan/service/UserServiceImpl.class]
{yyyy-MM-dd 'at' HH:mm:ss z} DEBUG org.springframework.beans.factory.support.DefaultSingletonBeanRegistry 225 getSingleton - Creating shared instance of singleton bean 'org.springframework.context.event.internalEventListenerProcessor'
{yyyy-MM-dd 'at' HH:mm:ss z} DEBUG org.springframework.beans.factory.support.DefaultSingletonBeanRegistry 225 getSingleton - Creating shared instance of singleton bean 'org.springframework.context.event.internalEventListenerFactory'
{yyyy-MM-dd 'at' HH:mm:ss z} DEBUG org.springframework.beans.factory.support.DefaultSingletonBeanRegistry 225 getSingleton - Creating shared instance of singleton bean 'org.springframework.context.annotation.internalAutowiredAnnotationProcessor'
{yyyy-MM-dd 'at' HH:mm:ss z} DEBUG org.springframework.beans.factory.support.DefaultSingletonBeanRegistry 225 getSingleton - Creating shared instance of singleton bean 'org.springframework.context.annotation.internalJsr250AnnotationProcessor'
{yyyy-MM-dd 'at' HH:mm:ss z} DEBUG org.springframework.beans.factory.support.DefaultSingletonBeanRegistry 225 getSingleton - Creating shared instance of singleton bean 'springConfig'
{yyyy-MM-dd 'at' HH:mm:ss z} DEBUG org.springframework.beans.factory.support.DefaultSingletonBeanRegistry 225 getSingleton - Creating shared instance of singleton bean 'userController'
{yyyy-MM-dd 'at' HH:mm:ss z} DEBUG org.springframework.beans.factory.support.DefaultSingletonBeanRegistry 225 getSingleton - Creating shared instance of singleton bean 'userDAO'
{yyyy-MM-dd 'at' HH:mm:ss z} DEBUG org.springframework.beans.factory.support.DefaultSingletonBeanRegistry 225 getSingleton - Creating shared instance of singleton bean 'userService'
{yyyy-MM-dd 'at' HH:mm:ss z} DEBUG org.springframework.context.support.AbstractApplicationContext 654 prepareRefresh - Refreshing org.springframework.context.annotation.AnnotationConfigApplicationContext@4a3631f8
{yyyy-MM-dd 'at' HH:mm:ss z} DEBUG org.springframework.beans.factory.support.DefaultSingletonBeanRegistry 225 getSingleton - Creating shared instance of singleton bean 'org.springframework.context.annotation.internalConfigurationAnnotationProcessor'
{yyyy-MM-dd 'at' HH:mm:ss z} DEBUG org.springframework.context.annotation.ClassPathScanningCandidateComponentProvider 441 scanCandidateComponents - Identified candidate component class: file [/Users/zhang/Documents/Project/Java/SpringStudy/spring-annotation/target/classes/cloud/zhfsmyScan/controller/UserController.class]
{yyyy-MM-dd 'at' HH:mm:ss z} DEBUG org.springframework.context.annotation.ClassPathScanningCandidateComponentProvider 441 scanCandidateComponents - Identified candidate component class: file [/Users/zhang/Documents/Project/Java/SpringStudy/spring-annotation/target/classes/cloud/zhfsmyScan/dao/UserDAOImpl.class]
{yyyy-MM-dd 'at' HH:mm:ss z} DEBUG org.springframework.context.annotation.ClassPathScanningCandidateComponentProvider 441 scanCandidateComponents - Identified candidate component class: file [/Users/zhang/Documents/Project/Java/SpringStudy/spring-annotation/target/classes/cloud/zhfsmyScan/service/UserServiceImpl.class]
{yyyy-MM-dd 'at' HH:mm:ss z} DEBUG org.springframework.beans.factory.support.DefaultSingletonBeanRegistry 225 getSingleton - Creating shared instance of singleton bean 'org.springframework.context.event.internalEventListenerProcessor'
{yyyy-MM-dd 'at' HH:mm:ss z} DEBUG org.springframework.beans.factory.support.DefaultSingletonBeanRegistry 225 getSingleton - Creating shared instance of singleton bean 'org.springframework.context.event.internalEventListenerFactory'
{yyyy-MM-dd 'at' HH:mm:ss z} DEBUG org.springframework.beans.factory.support.DefaultSingletonBeanRegistry 225 getSingleton - Creating shared instance of singleton bean 'org.springframework.context.annotation.internalAutowiredAnnotationProcessor'
{yyyy-MM-dd 'at' HH:mm:ss z} DEBUG org.springframework.beans.factory.support.DefaultSingletonBeanRegistry 225 getSingleton - Creating shared instance of singleton bean 'org.springframework.context.annotation.internalCommonAnnotationProcessor'
{yyyy-MM-dd 'at' HH:mm:ss z} DEBUG org.springframework.beans.factory.support.DefaultSingletonBeanRegistry 225 getSingleton - Creating shared instance of singleton bean 'springConfig'
{yyyy-MM-dd 'at' HH:mm:ss z} DEBUG org.springframework.beans.factory.support.DefaultSingletonBeanRegistry 225 getSingleton - Creating shared instance of singleton bean 'userController'
{yyyy-MM-dd 'at' HH:mm:ss z} DEBUG org.springframework.beans.factory.support.DefaultSingletonBeanRegistry 225 getSingleton - Creating shared instance of singleton bean 'userService'
{yyyy-MM-dd 'at' HH:mm:ss z} DEBUG org.springframework.beans.factory.support.DefaultSingletonBeanRegistry 225 getSingleton - Creating shared instance of singleton bean 'userDAO'
{yyyy-MM-dd 'at' HH:mm:ss z} DEBUG org.springframework.context.support.AbstractApplicationContext 654 prepareRefresh - Refreshing org.springframework.context.annotation.AnnotationConfigApplicationContext@4a3631f8
{yyyy-MM-dd 'at' HH:mm:ss z} DEBUG org.springframework.beans.factory.support.DefaultSingletonBeanRegistry 225 getSingleton - Creating shared instance of singleton bean 'org.springframework.context.annotation.internalConfigurationAnnotationProcessor'
{yyyy-MM-dd 'at' HH:mm:ss z} DEBUG org.springframework.context.annotation.ClassPathScanningCandidateComponentProvider 441 scanCandidateComponents - Identified candidate component class: file [/Users/zhang/Documents/Project/Java/SpringStudy/spring-annotation/target/classes/cloud/zhfsmyScan/controller/UserController.class]
{yyyy-MM-dd 'at' HH:mm:ss z} DEBUG org.springframework.context.annotation.ClassPathScanningCandidateComponentProvider 441 scanCandidateComponents - Identified candidate component class: file [/Users/zhang/Documents/Project/Java/SpringStudy/spring-annotation/target/classes/cloud/zhfsmyScan/dao/UserDAOImpl.class]
{yyyy-MM-dd 'at' HH:mm:ss z} DEBUG org.springframework.context.annotation.ClassPathScanningCandidateComponentProvider 441 scanCandidateComponents - Identified candidate component class: file [/Users/zhang/Documents/Project/Java/SpringStudy/spring-annotation/target/classes/cloud/zhfsmyScan/service/UserServiceImpl.class]
{yyyy-MM-dd 'at' HH:mm:ss z} DEBUG org.springframework.beans.factory.support.DefaultSingletonBeanRegistry 225 getSingleton - Creating shared instance of singleton bean 'org.springframework.context.event.internalEventListenerProcessor'
{yyyy-MM-dd 'at' HH:mm:ss z} DEBUG org.springframework.beans.factory.support.DefaultSingletonBeanRegistry 225 getSingleton - Creating shared instance of singleton bean 'org.springframework.context.event.internalEventListenerFactory'
{yyyy-MM-dd 'at' HH:mm:ss z} DEBUG org.springframework.beans.factory.support.DefaultSingletonBeanRegistry 225 getSingleton - Creating shared instance of singleton bean 'org.springframework.context.annotation.internalAutowiredAnnotationProcessor'
{yyyy-MM-dd 'at' HH:mm:ss z} DEBUG org.springframework.beans.factory.support.DefaultSingletonBeanRegistry 225 getSingleton - Creating shared instance of singleton bean 'org.springframework.context.annotation.internalCommonAnnotationProcessor'
{yyyy-MM-dd 'at' HH:mm:ss z} DEBUG org.springframework.beans.factory.support.DefaultSingletonBeanRegistry 225 getSingleton - Creating shared instance of singleton bean 'springConfig'
{yyyy-MM-dd 'at' HH:mm:ss z} DEBUG org.springframework.beans.factory.support.DefaultSingletonBeanRegistry 225 getSingleton - Creating shared instance of singleton bean 'userController'
{yyyy-MM-dd 'at' HH:mm:ss z} DEBUG org.springframework.beans.factory.support.DefaultSingletonBeanRegistry 225 getSingleton - Creating shared instance of singleton bean 'userService'
{yyyy-MM-dd 'at' HH:mm:ss z} DEBUG org.springframework.beans.factory.support.DefaultSingletonBeanRegistry 225 getSingleton - Creating shared instance of singleton bean 'userDAO'
{yyyy-MM-dd 'at' HH:mm:ss z} DEBUG org.springframework.context.support.AbstractApplicationContext 654 prepareRefresh - Refreshing org.springframework.context.annotation.AnnotationConfigApplicationContext@4a3631f8
{yyyy-MM-dd 'at' HH:mm:ss z} DEBUG org.springframework.beans.factory.support.DefaultSingletonBeanRegistry 225 getSingleton - Creating shared instance of singleton bean 'org.springframework.context.annotation.internalConfigurationAnnotationProcessor'
{yyyy-MM-dd 'at' HH:mm:ss z} DEBUG org.springframework.context.annotation.ClassPathScanningCandidateComponentProvider 441 scanCandidateComponents - Identified candidate component class: file [/Users/zhang/Documents/Project/Java/SpringStudy/spring-annotation/target/classes/cloud/zhfsmyScan/controller/UserController.class]
{yyyy-MM-dd 'at' HH:mm:ss z} DEBUG org.springframework.context.annotation.ClassPathScanningCandidateComponentProvider 441 scanCandidateComponents - Identified candidate component class: file [/Users/zhang/Documents/Project/Java/SpringStudy/spring-annotation/target/classes/cloud/zhfsmyScan/dao/UserDAOImpl.class]
{yyyy-MM-dd 'at' HH:mm:ss z} DEBUG org.springframework.context.annotation.ClassPathScanningCandidateComponentProvider 441 scanCandidateComponents - Identified candidate component class: file [/Users/zhang/Documents/Project/Java/SpringStudy/spring-annotation/target/classes/cloud/zhfsmyScan/service/UserServiceImpl.class]
{yyyy-MM-dd 'at' HH:mm:ss z} DEBUG org.springframework.beans.factory.support.DefaultSingletonBeanRegistry 225 getSingleton - Creating shared instance of singleton bean 'org.springframework.context.event.internalEventListenerProcessor'
{yyyy-MM-dd 'at' HH:mm:ss z} DEBUG org.springframework.beans.factory.support.DefaultSingletonBeanRegistry 225 getSingleton - Creating shared instance of singleton bean 'org.springframework.context.event.internalEventListenerFactory'
{yyyy-MM-dd 'at' HH:mm:ss z} DEBUG org.springframework.beans.factory.support.DefaultSingletonBeanRegistry 225 getSingleton - Creating shared instance of singleton bean 'org.springframework.context.annotation.internalAutowiredAnnotationProcessor'
{yyyy-MM-dd 'at' HH:mm:ss z} DEBUG org.springframework.beans.factory.support.DefaultSingletonBeanRegistry 225 getSingleton - Creating shared instance of singleton bean 'org.springframework.context.annotation.internalCommonAnnotationProcessor'
{yyyy-MM-dd 'at' HH:mm:ss z} DEBUG org.springframework.beans.factory.support.DefaultSingletonBeanRegistry 225 getSingleton - Creating shared instance of singleton bean 'springConfig'
{yyyy-MM-dd 'at' HH:mm:ss z} DEBUG org.springframework.beans.factory.support.DefaultSingletonBeanRegistry 225 getSingleton - Creating shared instance of singleton bean 'userController'
{yyyy-MM-dd 'at' HH:mm:ss z} DEBUG org.springframework.beans.factory.support.DefaultSingletonBeanRegistry 225 getSingleton - Creating shared instance of singleton bean 'userService'
{yyyy-MM-dd 'at' HH:mm:ss z} DEBUG org.springframework.beans.factory.support.DefaultSingletonBeanRegistry 225 getSingleton - Creating shared instance of singleton bean 'userDAO'
{yyyy-MM-dd 'at' HH:mm:ss z} DEBUG org.springframework.context.support.AbstractApplicationContext 654 prepareRefresh - Refreshing org.springframework.context.annotation.AnnotationConfigApplicationContext@4a3631f8
{yyyy-MM-dd 'at' HH:mm:ss z} DEBUG org.springframework.beans.factory.support.DefaultSingletonBeanRegistry 225 getSingleton - Creating shared instance of singleton bean 'org.springframework.context.annotation.internalConfigurationAnnotationProcessor'
{yyyy-MM-dd 'at' HH:mm:ss z} DEBUG org.springframework.context.annotation.ClassPathScanningCandidateComponentProvider 441 scanCandidateComponents - Identified candidate component class: file [/Users/zhang/Documents/Project/Java/SpringStudy/spring-annotation/target/classes/cloud/zhfsmyScan/controller/UserController.class]
{yyyy-MM-dd 'at' HH:mm:ss z} DEBUG org.springframework.context.annotation.ClassPathScanningCandidateComponentProvider 441 scanCandidateComponents - Identified candidate component class: file [/Users/zhang/Documents/Project/Java/SpringStudy/spring-annotation/target/classes/cloud/zhfsmyScan/dao/UserDAOImpl.class]
{yyyy-MM-dd 'at' HH:mm:ss z} DEBUG org.springframework.context.annotation.ClassPathScanningCandidateComponentProvider 441 scanCandidateComponents - Identified candidate component class: file [/Users/zhang/Documents/Project/Java/SpringStudy/spring-annotation/target/classes/cloud/zhfsmyScan/service/UserServiceImpl.class]
{yyyy-MM-dd 'at' HH:mm:ss z} DEBUG org.springframework.beans.factory.support.DefaultSingletonBeanRegistry 225 getSingleton - Creating shared instance of singleton bean 'org.springframework.context.event.internalEventListenerProcessor'
{yyyy-MM-dd 'at' HH:mm:ss z} DEBUG org.springframework.beans.factory.support.DefaultSingletonBeanRegistry 225 getSingleton - Creating shared instance of singleton bean 'org.springframework.context.event.internalEventListenerFactory'
{yyyy-MM-dd 'at' HH:mm:ss z} DEBUG org.springframework.beans.factory.support.DefaultSingletonBeanRegistry 225 getSingleton - Creating shared instance of singleton bean 'org.springframework.context.annotation.internalAutowiredAnnotationProcessor'
{yyyy-MM-dd 'at' HH:mm:ss z} DEBUG org.springframework.beans.factory.support.DefaultSingletonBeanRegistry 225 getSingleton - Creating shared instance of singleton bean 'org.springframework.context.annotation.internalCommonAnnotationProcessor'
{yyyy-MM-dd 'at' HH:mm:ss z} DEBUG org.springframework.beans.factory.support.DefaultSingletonBeanRegistry 225 getSingleton - Creating shared instance of singleton bean 'springConfig'
{yyyy-MM-dd 'at' HH:mm:ss z} DEBUG org.springframework.beans.factory.support.DefaultSingletonBeanRegistry 225 getSingleton - Creating shared instance of singleton bean 'userController'
{yyyy-MM-dd 'at' HH:mm:ss z} DEBUG org.springframework.beans.factory.support.DefaultSingletonBeanRegistry 225 getSingleton - Creating shared instance of singleton bean 'userService'
{yyyy-MM-dd 'at' HH:mm:ss z} DEBUG org.springframework.beans.factory.support.DefaultSingletonBeanRegistry 225 getSingleton - Creating shared instance of singleton bean 'userDAO'
